<?xml version="1.0" encoding="UTF-8"?>
<!-- Generated by org.testng.reporters.JUnitXMLReporter -->
<testsuite hostname="L-CDZ6152" ignored="5" name="Default test" tests="1" failures="0" timestamp="04 Dec 2020 10:58:57 GMT" time="24.833" errors="0">
  <testcase name="endToEndTest" time="17.328" classname="learning.appium.ecommerce.task.EcommerceTest"/>
  <testcase name="longPressAndSingleTapGesture" time="0.0" classname="learning.appium.ecommerce.task.EcommerceTest">
    <ignored/>
  </testcase> <!-- longPressAndSingleTapGesture -->
  <testcase name="miscellaneousAppiumCommands" time="0.0" classname="learning.appium.ecommerce.task.EcommerceTest">
    <ignored/>
  </testcase> <!-- miscellaneousAppiumCommands -->
  <testcase name="swipeGesture" time="0.0" classname="learning.appium.ecommerce.task.EcommerceTest">
    <ignored/>
  </testcase> <!-- swipeGesture -->
  <testcase name="scrollingGesture" time="0.0" classname="learning.appium.ecommerce.task.EcommerceTest">
    <ignored/>
  </testcase> <!-- scrollingGesture -->
  <testcase name="dragAndDropGesture" time="0.0" classname="learning.appium.ecommerce.task.EcommerceTest">
    <ignored/>
  </testcase> <!-- dragAndDropGesture -->
</testsuite> <!-- Default test -->
